[2021-09-29 07:23:57.218] [exthost] [info] extension host started
[2021-09-29 07:23:57.218] [exthost] [info] Skipping acquiring lock for /root/Desktop/workspace/HW/FCS/project/fcs_project/frontend/src/Components/SignUp/User/workspaceStorage/f851c5ea78846b6b841a1679aaf29225.
[2021-09-29 07:23:57.610] [exthost] [info] ExtensionService#_doActivateExtension vscode.microsoft-authentication {"startup":false,"extensionId":{"value":"vscode.microsoft-authentication","_lower":"vscode.microsoft-authentication"},"activationEvent":"onAuthenticationRequest:microsoft"}
[2021-09-29 07:23:57.610] [exthost] [info] ExtensionService#loadCommonJSModule file:///usr/share/code/resources/app/extensions/microsoft-authentication/dist/extension.js
[2021-09-29 07:23:57.786] [exthost] [info] ExtensionService#_doActivateExtension vscode.debug-auto-launch {"startup":true,"extensionId":{"value":"vscode.debug-auto-launch","_lower":"vscode.debug-auto-launch"},"activationEvent":"*"}
[2021-09-29 07:23:57.786] [exthost] [info] ExtensionService#loadCommonJSModule file:///usr/share/code/resources/app/extensions/debug-auto-launch/dist/extension
[2021-09-29 07:23:57.886] [exthost] [info] ExtensionService#_doActivateExtension vscode.git {"startup":true,"extensionId":{"value":"vscode.github","_lower":"vscode.github"},"activationEvent":"*"}
[2021-09-29 07:23:57.886] [exthost] [info] ExtensionService#loadCommonJSModule file:///usr/share/code/resources/app/extensions/git/dist/main
[2021-09-29 07:23:58.177] [exthost] [info] ExtensionService#_doActivateExtension ms-vscode.js-debug {"startup":false,"extensionId":{"value":"ms-vscode.js-debug","_lower":"ms-vscode.js-debug"},"activationEvent":"onCommand:extension.js-debug.clearAutoAttachVariables"}
[2021-09-29 07:23:58.177] [exthost] [info] ExtensionService#loadCommonJSModule file:///usr/share/code/resources/app/extensions/ms-vscode.js-debug/src/extension.js
[2021-09-29 07:23:59.188] [exthost] [info] ExtensionService#_doActivateExtension vscode.github {"startup":true,"extensionId":{"value":"vscode.github","_lower":"vscode.github"},"activationEvent":"*"}
[2021-09-29 07:23:59.188] [exthost] [info] ExtensionService#loadCommonJSModule file:///usr/share/code/resources/app/extensions/github/dist/extension.js
[2021-09-29 07:23:59.257] [exthost] [info] eager extensions activated
[2021-09-29 07:23:59.302] [exthost] [info] ExtensionService#_doActivateExtension vscode.github-authentication {"startup":false,"extensionId":{"value":"vscode.github-authentication","_lower":"vscode.github-authentication"},"activationEvent":"onAuthenticationRequest:github"}
[2021-09-29 07:23:59.302] [exthost] [info] ExtensionService#loadCommonJSModule file:///usr/share/code/resources/app/extensions/github-authentication/dist/extension.js
[2021-09-29 07:23:59.445] [exthost] [info] ExtensionService#_doActivateExtension vscode.emmet {"startup":false,"extensionId":{"value":"vscode.emmet","_lower":"vscode.emmet"},"activationEvent":"onStartupFinished"}
[2021-09-29 07:23:59.445] [exthost] [info] ExtensionService#loadCommonJSModule file:///usr/share/code/resources/app/extensions/emmet/dist/node/emmetNodeMain
[2021-09-29 07:23:59.601] [exthost] [info] ExtensionService#_doActivateExtension vscode.merge-conflict {"startup":false,"extensionId":{"value":"vscode.merge-conflict","_lower":"vscode.merge-conflict"},"activationEvent":"onStartupFinished"}
[2021-09-29 07:23:59.601] [exthost] [info] ExtensionService#loadCommonJSModule file:///usr/share/code/resources/app/extensions/merge-conflict/dist/mergeConflictMain
[2021-09-29 07:24:11.952] [exthost] [warning] [Decorations] CAPPING events from decorations provider vscode.git 259
[2021-09-29 07:24:17.062] [exthost] [warning] [Decorations] CAPPING events from decorations provider vscode.git 260
[2021-09-29 07:24:19.237] [exthost] [info] ExtensionService#_doActivateExtension vscode.typescript-language-features {"startup":false,"extensionId":{"value":"vscode.typescript-language-features","_lower":"vscode.typescript-language-features"},"activationEvent":"onLanguage:javascript"}
[2021-09-29 07:24:19.237] [exthost] [info] ExtensionService#loadCommonJSModule file:///usr/share/code/resources/app/extensions/typescript-language-features/dist/extension
[2021-09-29 07:24:22.277] [exthost] [warning] [Decorations] CAPPING events from decorations provider vscode.git 261
[2021-09-29 07:24:27.490] [exthost] [warning] [Decorations] CAPPING events from decorations provider vscode.git 262
[2021-09-29 07:24:32.643] [exthost] [warning] [Decorations] CAPPING events from decorations provider vscode.git 262
[2021-09-29 07:24:37.840] [exthost] [warning] [Decorations] CAPPING events from decorations provider vscode.git 262
[2021-09-29 07:24:42.988] [exthost] [warning] [Decorations] CAPPING events from decorations provider vscode.git 262
[2021-09-29 07:24:48.165] [exthost] [warning] [Decorations] CAPPING events from decorations provider vscode.git 262
[2021-09-29 07:24:53.261] [exthost] [warning] [Decorations] CAPPING events from decorations provider vscode.git 262
[2021-09-29 07:24:58.434] [exthost] [warning] [Decorations] CAPPING events from decorations provider vscode.git 262
[2021-09-29 07:25:03.551] [exthost] [warning] [Decorations] CAPPING events from decorations provider vscode.git 262
[2021-09-29 07:25:08.690] [exthost] [warning] [Decorations] CAPPING events from decorations provider vscode.git 279
[2021-09-29 07:25:13.860] [exthost] [warning] [Decorations] CAPPING events from decorations provider vscode.git 280
[2021-09-29 07:25:19.045] [exthost] [warning] [Decorations] CAPPING events from decorations provider vscode.git 306
[2021-09-29 07:25:24.172] [exthost] [warning] [Decorations] CAPPING events from decorations provider vscode.git 306
[2021-09-29 07:25:29.300] [exthost] [warning] [Decorations] CAPPING events from decorations provider vscode.git 306
[2021-09-29 07:25:34.435] [exthost] [warning] [Decorations] CAPPING events from decorations provider vscode.git 306
[2021-09-29 07:25:39.598] [exthost] [warning] [Decorations] CAPPING events from decorations provider vscode.git 306
[2021-09-29 07:25:44.695] [exthost] [warning] [Decorations] CAPPING events from decorations provider vscode.git 306
[2021-09-29 07:25:49.892] [exthost] [warning] [Decorations] CAPPING events from decorations provider vscode.git 307
[2021-09-29 07:25:55.013] [exthost] [warning] [Decorations] CAPPING events from decorations provider vscode.git 307
[2021-09-29 07:26:00.125] [exthost] [warning] [Decorations] CAPPING events from decorations provider vscode.git 307
[2021-09-29 07:26:05.233] [exthost] [warning] [Decorations] CAPPING events from decorations provider vscode.git 307
[2021-09-29 07:26:10.389] [exthost] [warning] [Decorations] CAPPING events from decorations provider vscode.git 307
[2021-09-29 07:26:13.813] [exthost] [info] ExtensionService#_doActivateExtension vscode.extension-editing {"startup":false,"extensionId":{"value":"vscode.extension-editing","_lower":"vscode.extension-editing"},"activationEvent":"onLanguage:typescript"}
[2021-09-29 07:26:13.813] [exthost] [info] ExtensionService#loadCommonJSModule file:///usr/share/code/resources/app/extensions/extension-editing/dist/extensionEditingMain
[2021-09-29 07:26:15.546] [exthost] [warning] [Decorations] CAPPING events from decorations provider vscode.git 307
[2021-09-29 07:26:20.686] [exthost] [warning] [Decorations] CAPPING events from decorations provider vscode.git 307
[2021-09-29 07:26:25.813] [exthost] [warning] [Decorations] CAPPING events from decorations provider vscode.git 308
[2021-09-29 07:26:30.915] [exthost] [warning] [Decorations] CAPPING events from decorations provider vscode.git 308
[2021-09-29 07:26:36.075] [exthost] [warning] [Decorations] CAPPING events from decorations provider vscode.git 308
[2021-09-29 07:26:41.190] [exthost] [warning] [Decorations] CAPPING events from decorations provider vscode.git 308
[2021-09-29 07:26:46.351] [exthost] [warning] [Decorations] CAPPING events from decorations provider vscode.git 308
[2021-09-29 07:26:51.495] [exthost] [warning] [Decorations] CAPPING events from decorations provider vscode.git 308
[2021-09-29 07:26:56.639] [exthost] [warning] [Decorations] CAPPING events from decorations provider vscode.git 308
[2021-09-29 07:27:01.779] [exthost] [warning] [Decorations] CAPPING events from decorations provider vscode.git 308
[2021-09-29 07:27:06.897] [exthost] [warning] [Decorations] CAPPING events from decorations provider vscode.git 308
[2021-09-29 07:27:12.048] [exthost] [warning] [Decorations] CAPPING events from decorations provider vscode.git 308
[2021-09-29 07:27:17.181] [exthost] [warning] [Decorations] CAPPING events from decorations provider vscode.git 308
[2021-09-29 07:27:22.304] [exthost] [warning] [Decorations] CAPPING events from decorations provider vscode.git 308
[2021-09-29 07:27:27.468] [exthost] [warning] [Decorations] CAPPING events from decorations provider vscode.git 308
[2021-09-29 07:27:32.613] [exthost] [warning] [Decorations] CAPPING events from decorations provider vscode.git 308
[2021-09-29 07:27:37.822] [exthost] [warning] [Decorations] CAPPING events from decorations provider vscode.git 308
[2021-09-29 07:27:42.919] [exthost] [warning] [Decorations] CAPPING events from decorations provider vscode.git 308
[2021-09-29 07:27:48.071] [exthost] [warning] [Decorations] CAPPING events from decorations provider vscode.git 308
[2021-09-29 07:27:53.194] [exthost] [warning] [Decorations] CAPPING events from decorations provider vscode.git 308
[2021-09-29 07:27:58.327] [exthost] [warning] [Decorations] CAPPING events from decorations provider vscode.git 308
[2021-09-29 07:28:03.434] [exthost] [warning] [Decorations] CAPPING events from decorations provider vscode.git 308
[2021-09-29 07:28:15.207] [exthost] [warning] [Decorations] CAPPING events from decorations provider vscode.git 308
[2021-09-29 07:28:20.390] [exthost] [warning] [Decorations] CAPPING events from decorations provider vscode.git 308
[2021-09-29 07:28:25.537] [exthost] [warning] [Decorations] CAPPING events from decorations provider vscode.git 308
[2021-09-29 07:28:30.727] [exthost] [warning] [Decorations] CAPPING events from decorations provider vscode.git 308
[2021-09-29 07:28:35.900] [exthost] [warning] [Decorations] CAPPING events from decorations provider vscode.git 308
[2021-09-29 07:28:41.013] [exthost] [warning] [Decorations] CAPPING events from decorations provider vscode.git 308
[2021-09-29 07:28:46.138] [exthost] [warning] [Decorations] CAPPING events from decorations provider vscode.git 308
[2021-09-29 07:28:51.264] [exthost] [warning] [Decorations] CAPPING events from decorations provider vscode.git 308
[2021-09-29 07:28:56.388] [exthost] [warning] [Decorations] CAPPING events from decorations provider vscode.git 308
[2021-09-29 07:29:01.509] [exthost] [warning] [Decorations] CAPPING events from decorations provider vscode.git 308
[2021-09-29 07:29:06.636] [exthost] [warning] [Decorations] CAPPING events from decorations provider vscode.git 308
[2021-09-29 07:29:11.817] [exthost] [warning] [Decorations] CAPPING events from decorations provider vscode.git 308
[2021-09-29 07:29:16.946] [exthost] [warning] [Decorations] CAPPING events from decorations provider vscode.git 308
[2021-09-29 07:29:22.060] [exthost] [warning] [Decorations] CAPPING events from decorations provider vscode.git 308
[2021-09-29 07:29:27.249] [exthost] [warning] [Decorations] CAPPING events from decorations provider vscode.git 308
[2021-09-29 07:29:32.388] [exthost] [warning] [Decorations] CAPPING events from decorations provider vscode.git 308
[2021-09-29 07:29:37.532] [exthost] [warning] [Decorations] CAPPING events from decorations provider vscode.git 308
[2021-09-29 07:29:42.648] [exthost] [warning] [Decorations] CAPPING events from decorations provider vscode.git 308
[2021-09-29 07:29:47.751] [exthost] [warning] [Decorations] CAPPING events from decorations provider vscode.git 308
[2021-09-29 07:29:52.921] [exthost] [warning] [Decorations] CAPPING events from decorations provider vscode.git 308
[2021-09-29 07:29:58.088] [exthost] [warning] [Decorations] CAPPING events from decorations provider vscode.git 308
[2021-09-29 07:30:03.256] [exthost] [warning] [Decorations] CAPPING events from decorations provider vscode.git 308
[2021-09-29 07:30:41.367] [exthost] [warning] [Decorations] CAPPING events from decorations provider vscode.git 308
[2021-09-29 07:30:46.515] [exthost] [warning] [Decorations] CAPPING events from decorations provider vscode.git 308
[2021-09-29 07:30:51.718] [exthost] [warning] [Decorations] CAPPING events from decorations provider vscode.git 308
[2021-09-29 07:30:56.847] [exthost] [warning] [Decorations] CAPPING events from decorations provider vscode.git 308
[2021-09-29 07:31:02.011] [exthost] [warning] [Decorations] CAPPING events from decorations provider vscode.git 309
[2021-09-29 07:32:35.490] [exthost] [warning] [Decorations] CAPPING events from decorations provider vscode.git 309
[2021-09-29 07:32:40.629] [exthost] [warning] [Decorations] CAPPING events from decorations provider vscode.git 308
[2021-09-29 07:32:45.858] [exthost] [warning] [Decorations] CAPPING events from decorations provider vscode.git 308
[2021-09-29 07:32:51.027] [exthost] [warning] [Decorations] CAPPING events from decorations provider vscode.git 308
[2021-09-29 07:32:56.269] [exthost] [warning] [Decorations] CAPPING events from decorations provider vscode.git 308
[2021-09-29 07:33:01.504] [exthost] [warning] [Decorations] CAPPING events from decorations provider vscode.git 308
[2021-09-29 07:33:06.676] [exthost] [warning] [Decorations] CAPPING events from decorations provider vscode.git 308
[2021-09-29 07:33:11.815] [exthost] [warning] [Decorations] CAPPING events from decorations provider vscode.git 308
[2021-09-29 07:33:16.929] [exthost] [warning] [Decorations] CAPPING events from decorations provider vscode.git 308
[2021-09-29 07:33:22.046] [exthost] [warning] [Decorations] CAPPING events from decorations provider vscode.git 308
[2021-09-29 07:33:27.259] [exthost] [warning] [Decorations] CAPPING events from decorations provider vscode.git 308
[2021-09-29 07:35:57.996] [exthost] [warning] [Decorations] CAPPING events from decorations provider vscode.git 308
[2021-09-29 07:36:03.198] [exthost] [warning] [Decorations] CAPPING events from decorations provider vscode.git 308
[2021-09-29 07:36:08.333] [exthost] [warning] [Decorations] CAPPING events from decorations provider vscode.git 308
[2021-09-29 07:37:01.417] [exthost] [warning] [Decorations] CAPPING events from decorations provider vscode.git 308
[2021-09-29 07:37:06.582] [exthost] [warning] [Decorations] CAPPING events from decorations provider vscode.git 308
[2021-09-29 07:37:11.685] [exthost] [warning] [Decorations] CAPPING events from decorations provider vscode.git 308
[2021-09-29 07:37:16.832] [exthost] [warning] [Decorations] CAPPING events from decorations provider vscode.git 308
[2021-09-29 07:37:21.988] [exthost] [warning] [Decorations] CAPPING events from decorations provider vscode.git 308
[2021-09-29 07:37:27.179] [exthost] [warning] [Decorations] CAPPING events from decorations provider vscode.git 308
[2021-09-29 07:37:32.352] [exthost] [warning] [Decorations] CAPPING events from decorations provider vscode.git 308
[2021-09-29 07:37:37.489] [exthost] [warning] [Decorations] CAPPING events from decorations provider vscode.git 308
[2021-09-29 07:37:42.624] [exthost] [warning] [Decorations] CAPPING events from decorations provider vscode.git 308
[2021-09-29 07:37:47.767] [exthost] [warning] [Decorations] CAPPING events from decorations provider vscode.git 308
[2021-09-29 07:37:52.887] [exthost] [warning] [Decorations] CAPPING events from decorations provider vscode.git 308
[2021-09-29 07:37:58.063] [exthost] [warning] [Decorations] CAPPING events from decorations provider vscode.git 308
[2021-09-29 07:38:03.186] [exthost] [warning] [Decorations] CAPPING events from decorations provider vscode.git 308
[2021-09-29 07:38:08.318] [exthost] [warning] [Decorations] CAPPING events from decorations provider vscode.git 308
[2021-09-29 07:38:13.454] [exthost] [warning] [Decorations] CAPPING events from decorations provider vscode.git 308
[2021-09-29 07:38:18.604] [exthost] [warning] [Decorations] CAPPING events from decorations provider vscode.git 308
[2021-09-29 07:38:23.744] [exthost] [warning] [Decorations] CAPPING events from decorations provider vscode.git 308
[2021-09-29 07:38:28.907] [exthost] [warning] [Decorations] CAPPING events from decorations provider vscode.git 308
[2021-09-29 07:38:34.042] [exthost] [warning] [Decorations] CAPPING events from decorations provider vscode.git 308
[2021-09-29 07:38:39.202] [exthost] [warning] [Decorations] CAPPING events from decorations provider vscode.git 308
[2021-09-29 07:38:44.396] [exthost] [warning] [Decorations] CAPPING events from decorations provider vscode.git 308
[2021-09-29 07:38:49.565] [exthost] [warning] [Decorations] CAPPING events from decorations provider vscode.git 308
[2021-09-29 07:38:54.725] [exthost] [warning] [Decorations] CAPPING events from decorations provider vscode.git 308
[2021-09-29 07:38:59.902] [exthost] [warning] [Decorations] CAPPING events from decorations provider vscode.git 308
[2021-09-29 07:39:05.062] [exthost] [warning] [Decorations] CAPPING events from decorations provider vscode.git 308
[2021-09-29 07:39:10.175] [exthost] [warning] [Decorations] CAPPING events from decorations provider vscode.git 308
[2021-09-29 07:39:15.390] [exthost] [warning] [Decorations] CAPPING events from decorations provider vscode.git 308
[2021-09-29 07:39:20.531] [exthost] [warning] [Decorations] CAPPING events from decorations provider vscode.git 308
[2021-09-29 07:39:25.681] [exthost] [warning] [Decorations] CAPPING events from decorations provider vscode.git 308
[2021-09-29 07:39:30.841] [exthost] [warning] [Decorations] CAPPING events from decorations provider vscode.git 308
[2021-09-29 07:39:36.067] [exthost] [warning] [Decorations] CAPPING events from decorations provider vscode.git 308
[2021-09-29 07:39:41.229] [exthost] [warning] [Decorations] CAPPING events from decorations provider vscode.git 308
[2021-09-29 07:39:46.399] [exthost] [warning] [Decorations] CAPPING events from decorations provider vscode.git 308
[2021-09-29 07:39:51.583] [exthost] [warning] [Decorations] CAPPING events from decorations provider vscode.git 308
[2021-09-29 07:39:56.755] [exthost] [warning] [Decorations] CAPPING events from decorations provider vscode.git 308
[2021-09-29 07:40:01.909] [exthost] [warning] [Decorations] CAPPING events from decorations provider vscode.git 308
[2021-09-29 07:40:07.075] [exthost] [warning] [Decorations] CAPPING events from decorations provider vscode.git 308
[2021-09-29 07:40:12.376] [exthost] [warning] [Decorations] CAPPING events from decorations provider vscode.git 308
[2021-09-29 07:40:17.583] [exthost] [warning] [Decorations] CAPPING events from decorations provider vscode.git 308
[2021-09-29 07:40:22.805] [exthost] [warning] [Decorations] CAPPING events from decorations provider vscode.git 308
[2021-09-29 07:40:27.997] [exthost] [warning] [Decorations] CAPPING events from decorations provider vscode.git 308
[2021-09-29 07:40:33.171] [exthost] [warning] [Decorations] CAPPING events from decorations provider vscode.git 308
[2021-09-29 07:40:38.332] [exthost] [warning] [Decorations] CAPPING events from decorations provider vscode.git 308
[2021-09-29 07:40:43.470] [exthost] [warning] [Decorations] CAPPING events from decorations provider vscode.git 308
[2021-09-29 07:40:48.632] [exthost] [warning] [Decorations] CAPPING events from decorations provider vscode.git 308
[2021-09-29 07:40:53.820] [exthost] [warning] [Decorations] CAPPING events from decorations provider vscode.git 308
[2021-09-29 07:40:59.019] [exthost] [warning] [Decorations] CAPPING events from decorations provider vscode.git 308
[2021-09-29 07:41:04.157] [exthost] [warning] [Decorations] CAPPING events from decorations provider vscode.git 308
[2021-09-29 07:41:09.374] [exthost] [warning] [Decorations] CAPPING events from decorations provider vscode.git 308
[2021-09-29 07:41:14.479] [exthost] [warning] [Decorations] CAPPING events from decorations provider vscode.git 308
[2021-09-29 07:41:19.617] [exthost] [warning] [Decorations] CAPPING events from decorations provider vscode.git 308
[2021-09-29 07:41:24.846] [exthost] [warning] [Decorations] CAPPING events from decorations provider vscode.git 308
[2021-09-29 07:41:30.003] [exthost] [warning] [Decorations] CAPPING events from decorations provider vscode.git 308
[2021-09-29 07:41:35.148] [exthost] [warning] [Decorations] CAPPING events from decorations provider vscode.git 308
[2021-09-29 07:41:56.106] [exthost] [warning] [Decorations] CAPPING events from decorations provider vscode.git 308
[2021-09-29 07:42:03.475] [exthost] [warning] [Decorations] CAPPING events from decorations provider vscode.git 308
[2021-09-29 07:42:08.598] [exthost] [warning] [Decorations] CAPPING events from decorations provider vscode.git 308
[2021-09-29 07:42:13.732] [exthost] [warning] [Decorations] CAPPING events from decorations provider vscode.git 308
[2021-09-29 07:42:32.396] [exthost] [warning] [Decorations] CAPPING events from decorations provider vscode.git 308
[2021-09-29 07:42:37.619] [exthost] [warning] [Decorations] CAPPING events from decorations provider vscode.git 308
[2021-09-29 07:42:42.764] [exthost] [warning] [Decorations] CAPPING events from decorations provider vscode.git 308
[2021-09-29 07:42:47.908] [exthost] [warning] [Decorations] CAPPING events from decorations provider vscode.git 308
[2021-09-29 07:42:53.025] [exthost] [warning] [Decorations] CAPPING events from decorations provider vscode.git 308
[2021-09-29 07:42:58.140] [exthost] [warning] [Decorations] CAPPING events from decorations provider vscode.git 308
[2021-09-29 07:43:37.242] [exthost] [warning] [Decorations] CAPPING events from decorations provider vscode.git 308
[2021-09-29 07:43:42.383] [exthost] [warning] [Decorations] CAPPING events from decorations provider vscode.git 307
[2021-09-29 07:43:47.504] [exthost] [warning] [Decorations] CAPPING events from decorations provider vscode.git 307
[2021-09-29 07:43:52.627] [exthost] [warning] [Decorations] CAPPING events from decorations provider vscode.git 307
[2021-09-29 07:43:57.806] [exthost] [warning] [Decorations] CAPPING events from decorations provider vscode.git 307
[2021-09-29 07:44:02.929] [exthost] [warning] [Decorations] CAPPING events from decorations provider vscode.git 307
[2021-09-29 07:44:08.091] [exthost] [warning] [Decorations] CAPPING events from decorations provider vscode.git 307
[2021-09-29 07:44:13.277] [exthost] [warning] [Decorations] CAPPING events from decorations provider vscode.git 308
[2021-09-29 07:44:18.498] [exthost] [warning] [Decorations] CAPPING events from decorations provider vscode.git 308
[2021-09-29 07:44:23.701] [exthost] [warning] [Decorations] CAPPING events from decorations provider vscode.git 308
[2021-09-29 07:44:30.286] [exthost] [warning] [Decorations] CAPPING events from decorations provider vscode.git 308
[2021-09-29 07:44:35.415] [exthost] [warning] [Decorations] CAPPING events from decorations provider vscode.git 307
[2021-09-29 07:44:40.649] [exthost] [warning] [Decorations] CAPPING events from decorations provider vscode.git 307
[2021-09-29 07:45:03.165] [exthost] [warning] [Decorations] CAPPING events from decorations provider vscode.git 307
[2021-09-29 07:45:08.330] [exthost] [warning] [Decorations] CAPPING events from decorations provider vscode.git 307
[2021-09-29 07:45:13.497] [exthost] [warning] [Decorations] CAPPING events from decorations provider vscode.git 307
[2021-09-29 07:45:26.146] [exthost] [warning] [Decorations] CAPPING events from decorations provider vscode.git 307
[2021-09-29 07:45:31.321] [exthost] [warning] [Decorations] CAPPING events from decorations provider vscode.git 307
[2021-09-29 07:45:36.452] [exthost] [warning] [Decorations] CAPPING events from decorations provider vscode.git 307
[2021-09-29 07:45:41.592] [exthost] [warning] [Decorations] CAPPING events from decorations provider vscode.git 308
[2021-09-29 07:45:46.704] [exthost] [warning] [Decorations] CAPPING events from decorations provider vscode.git 308
[2021-09-29 07:46:08.722] [exthost] [warning] [Decorations] CAPPING events from decorations provider vscode.git 308
[2021-09-29 07:46:13.888] [exthost] [warning] [Decorations] CAPPING events from decorations provider vscode.git 307
[2021-09-29 07:46:19.074] [exthost] [warning] [Decorations] CAPPING events from decorations provider vscode.git 307
[2021-09-29 07:47:10.587] [exthost] [warning] [Decorations] CAPPING events from decorations provider vscode.git 307
[2021-09-29 07:47:15.697] [exthost] [warning] [Decorations] CAPPING events from decorations provider vscode.git 307
[2021-09-29 07:47:20.815] [exthost] [warning] [Decorations] CAPPING events from decorations provider vscode.git 307
[2021-09-29 07:47:25.918] [exthost] [warning] [Decorations] CAPPING events from decorations provider vscode.git 307
[2021-09-29 07:47:31.026] [exthost] [warning] [Decorations] CAPPING events from decorations provider vscode.git 307
[2021-09-29 07:47:36.178] [exthost] [warning] [Decorations] CAPPING events from decorations provider vscode.git 308
[2021-09-29 07:48:33.704] [exthost] [warning] [Decorations] CAPPING events from decorations provider vscode.git 308
[2021-09-29 07:48:38.890] [exthost] [warning] [Decorations] CAPPING events from decorations provider vscode.git 307
[2021-09-29 07:48:44.014] [exthost] [warning] [Decorations] CAPPING events from decorations provider vscode.git 308
[2021-09-29 07:48:49.147] [exthost] [warning] [Decorations] CAPPING events from decorations provider vscode.git 308
[2021-09-29 07:48:54.280] [exthost] [warning] [Decorations] CAPPING events from decorations provider vscode.git 308
[2021-09-29 07:50:01.719] [exthost] [warning] [Decorations] CAPPING events from decorations provider vscode.git 307
[2021-09-29 07:50:06.856] [exthost] [warning] [Decorations] CAPPING events from decorations provider vscode.git 307
[2021-09-29 07:50:11.979] [exthost] [warning] [Decorations] CAPPING events from decorations provider vscode.git 307
[2021-09-29 07:50:17.111] [exthost] [warning] [Decorations] CAPPING events from decorations provider vscode.git 307
[2021-09-29 07:50:22.301] [exthost] [warning] [Decorations] CAPPING events from decorations provider vscode.git 307
[2021-09-29 07:50:27.449] [exthost] [warning] [Decorations] CAPPING events from decorations provider vscode.git 307
[2021-09-29 07:50:32.559] [exthost] [warning] [Decorations] CAPPING events from decorations provider vscode.git 307
[2021-09-29 07:50:37.738] [exthost] [warning] [Decorations] CAPPING events from decorations provider vscode.git 307
[2021-09-29 07:50:52.187] [exthost] [warning] [Decorations] CAPPING events from decorations provider vscode.git 307
[2021-09-29 07:50:57.304] [exthost] [warning] [Decorations] CAPPING events from decorations provider vscode.git 307
[2021-09-29 07:51:02.586] [exthost] [warning] [Decorations] CAPPING events from decorations provider vscode.git 307
[2021-09-29 07:51:07.885] [exthost] [warning] [Decorations] CAPPING events from decorations provider vscode.git 307
[2021-09-29 07:51:13.101] [exthost] [warning] [Decorations] CAPPING events from decorations provider vscode.git 307
[2021-09-29 07:51:32.105] [exthost] [warning] [Decorations] CAPPING events from decorations provider vscode.git 307
[2021-09-29 07:51:37.224] [exthost] [warning] [Decorations] CAPPING events from decorations provider vscode.git 307
[2021-09-29 07:51:42.340] [exthost] [warning] [Decorations] CAPPING events from decorations provider vscode.git 307
[2021-09-29 07:51:47.505] [exthost] [warning] [Decorations] CAPPING events from decorations provider vscode.git 307
[2021-09-29 07:51:52.630] [exthost] [warning] [Decorations] CAPPING events from decorations provider vscode.git 308
[2021-09-29 07:51:57.749] [exthost] [warning] [Decorations] CAPPING events from decorations provider vscode.git 308
[2021-09-29 07:52:02.904] [exthost] [warning] [Decorations] CAPPING events from decorations provider vscode.git 308
[2021-09-29 07:52:08.077] [exthost] [warning] [Decorations] CAPPING events from decorations provider vscode.git 308
[2021-09-29 07:53:10.328] [exthost] [warning] [Decorations] CAPPING events from decorations provider vscode.git 308
[2021-09-29 07:53:15.513] [exthost] [warning] [Decorations] CAPPING events from decorations provider vscode.git 308
[2021-09-29 07:53:20.635] [exthost] [warning] [Decorations] CAPPING events from decorations provider vscode.git 308
[2021-09-29 07:53:25.854] [exthost] [warning] [Decorations] CAPPING events from decorations provider vscode.git 308
[2021-09-29 07:53:31.330] [exthost] [warning] [Decorations] CAPPING events from decorations provider vscode.git 308
[2021-09-29 07:53:36.479] [exthost] [warning] [Decorations] CAPPING events from decorations provider vscode.git 307
[2021-09-29 07:53:41.621] [exthost] [warning] [Decorations] CAPPING events from decorations provider vscode.git 307
[2021-09-29 07:53:46.741] [exthost] [warning] [Decorations] CAPPING events from decorations provider vscode.git 307
[2021-09-29 07:53:51.867] [exthost] [warning] [Decorations] CAPPING events from decorations provider vscode.git 307
[2021-09-29 07:53:57.001] [exthost] [warning] [Decorations] CAPPING events from decorations provider vscode.git 307
[2021-09-29 07:54:02.149] [exthost] [warning] [Decorations] CAPPING events from decorations provider vscode.git 307
[2021-09-29 07:54:07.302] [exthost] [warning] [Decorations] CAPPING events from decorations provider vscode.git 308
[2021-09-29 07:54:12.426] [exthost] [warning] [Decorations] CAPPING events from decorations provider vscode.git 308
[2021-09-29 07:54:17.547] [exthost] [warning] [Decorations] CAPPING events from decorations provider vscode.git 308
[2021-09-29 07:54:22.679] [exthost] [warning] [Decorations] CAPPING events from decorations provider vscode.git 308
[2021-09-29 07:54:27.842] [exthost] [warning] [Decorations] CAPPING events from decorations provider vscode.git 308
[2021-09-29 07:54:33.067] [exthost] [warning] [Decorations] CAPPING events from decorations provider vscode.git 308
[2021-09-29 07:54:38.220] [exthost] [warning] [Decorations] CAPPING events from decorations provider vscode.git 308
[2021-09-29 07:54:43.363] [exthost] [warning] [Decorations] CAPPING events from decorations provider vscode.git 308
[2021-09-29 07:54:48.561] [exthost] [warning] [Decorations] CAPPING events from decorations provider vscode.git 308
[2021-09-29 07:54:53.692] [exthost] [warning] [Decorations] CAPPING events from decorations provider vscode.git 308
[2021-09-29 07:54:58.854] [exthost] [warning] [Decorations] CAPPING events from decorations provider vscode.git 308
[2021-09-29 07:55:04.012] [exthost] [warning] [Decorations] CAPPING events from decorations provider vscode.git 307
[2021-09-29 07:55:09.115] [exthost] [warning] [Decorations] CAPPING events from decorations provider vscode.git 307
[2021-09-29 07:55:14.279] [exthost] [warning] [Decorations] CAPPING events from decorations provider vscode.git 307
[2021-09-29 07:55:19.427] [exthost] [warning] [Decorations] CAPPING events from decorations provider vscode.git 307
[2021-09-29 07:55:24.625] [exthost] [warning] [Decorations] CAPPING events from decorations provider vscode.git 307
[2021-09-29 07:55:29.780] [exthost] [warning] [Decorations] CAPPING events from decorations provider vscode.git 308
[2021-09-29 07:55:34.983] [exthost] [warning] [Decorations] CAPPING events from decorations provider vscode.git 308
[2021-09-29 07:55:40.133] [exthost] [warning] [Decorations] CAPPING events from decorations provider vscode.git 308
[2021-09-29 07:55:45.243] [exthost] [warning] [Decorations] CAPPING events from decorations provider vscode.git 308
[2021-09-29 07:55:50.401] [exthost] [warning] [Decorations] CAPPING events from decorations provider vscode.git 308
[2021-09-29 07:55:55.572] [exthost] [warning] [Decorations] CAPPING events from decorations provider vscode.git 308
[2021-09-29 07:56:00.703] [exthost] [warning] [Decorations] CAPPING events from decorations provider vscode.git 308
[2021-09-29 07:56:05.855] [exthost] [warning] [Decorations] CAPPING events from decorations provider vscode.git 308
[2021-09-29 07:56:10.992] [exthost] [warning] [Decorations] CAPPING events from decorations provider vscode.git 307
[2021-09-29 07:56:16.124] [exthost] [warning] [Decorations] CAPPING events from decorations provider vscode.git 308
[2021-09-29 07:56:21.232] [exthost] [warning] [Decorations] CAPPING events from decorations provider vscode.git 308
[2021-09-29 07:56:26.362] [exthost] [warning] [Decorations] CAPPING events from decorations provider vscode.git 308
[2021-09-29 07:56:31.502] [exthost] [warning] [Decorations] CAPPING events from decorations provider vscode.git 308
[2021-09-29 07:56:36.641] [exthost] [warning] [Decorations] CAPPING events from decorations provider vscode.git 308
[2021-09-29 07:56:41.772] [exthost] [warning] [Decorations] CAPPING events from decorations provider vscode.git 308
[2021-09-29 07:56:46.954] [exthost] [warning] [Decorations] CAPPING events from decorations provider vscode.git 308
[2021-09-29 07:56:52.072] [exthost] [warning] [Decorations] CAPPING events from decorations provider vscode.git 308
[2021-09-29 07:56:57.197] [exthost] [warning] [Decorations] CAPPING events from decorations provider vscode.git 308
[2021-09-29 07:57:02.327] [exthost] [warning] [Decorations] CAPPING events from decorations provider vscode.git 308
[2021-09-29 07:57:07.462] [exthost] [warning] [Decorations] CAPPING events from decorations provider vscode.git 308
[2021-09-29 07:57:12.595] [exthost] [warning] [Decorations] CAPPING events from decorations provider vscode.git 308
[2021-09-29 07:57:17.722] [exthost] [warning] [Decorations] CAPPING events from decorations provider vscode.git 308
[2021-09-29 07:57:22.878] [exthost] [warning] [Decorations] CAPPING events from decorations provider vscode.git 308
[2021-09-29 07:57:28.088] [exthost] [warning] [Decorations] CAPPING events from decorations provider vscode.git 307
[2021-09-29 07:57:33.299] [exthost] [warning] [Decorations] CAPPING events from decorations provider vscode.git 307
[2021-09-29 07:57:38.423] [exthost] [warning] [Decorations] CAPPING events from decorations provider vscode.git 307
[2021-09-29 07:57:43.538] [exthost] [warning] [Decorations] CAPPING events from decorations provider vscode.git 307
[2021-09-29 07:57:48.719] [exthost] [warning] [Decorations] CAPPING events from decorations provider vscode.git 308
[2021-09-29 07:57:53.844] [exthost] [warning] [Decorations] CAPPING events from decorations provider vscode.git 308
[2021-09-29 07:57:58.957] [exthost] [warning] [Decorations] CAPPING events from decorations provider vscode.git 308
[2021-09-29 07:58:04.098] [exthost] [warning] [Decorations] CAPPING events from decorations provider vscode.git 308
[2021-09-29 07:58:09.274] [exthost] [warning] [Decorations] CAPPING events from decorations provider vscode.git 308
[2021-09-29 07:58:14.417] [exthost] [warning] [Decorations] CAPPING events from decorations provider vscode.git 308
[2021-09-29 07:58:19.548] [exthost] [warning] [Decorations] CAPPING events from decorations provider vscode.git 308
[2021-09-29 07:58:24.665] [exthost] [warning] [Decorations] CAPPING events from decorations provider vscode.git 308
[2021-09-29 07:58:29.808] [exthost] [warning] [Decorations] CAPPING events from decorations provider vscode.git 308
[2021-09-29 07:58:35.016] [exthost] [warning] [Decorations] CAPPING events from decorations provider vscode.git 308
[2021-09-29 07:58:40.162] [exthost] [warning] [Decorations] CAPPING events from decorations provider vscode.git 308
[2021-09-29 07:58:45.290] [exthost] [warning] [Decorations] CAPPING events from decorations provider vscode.git 308
[2021-09-29 07:58:50.497] [exthost] [warning] [Decorations] CAPPING events from decorations provider vscode.git 307
[2021-09-29 07:58:55.647] [exthost] [warning] [Decorations] CAPPING events from decorations provider vscode.git 307
[2021-09-29 07:59:00.887] [exthost] [warning] [Decorations] CAPPING events from decorations provider vscode.git 308
[2021-09-29 07:59:06.051] [exthost] [warning] [Decorations] CAPPING events from decorations provider vscode.git 308
[2021-09-29 07:59:11.331] [exthost] [warning] [Decorations] CAPPING events from decorations provider vscode.git 308
[2021-09-29 07:59:16.499] [exthost] [warning] [Decorations] CAPPING events from decorations provider vscode.git 308
[2021-09-29 07:59:21.652] [exthost] [warning] [Decorations] CAPPING events from decorations provider vscode.git 308
[2021-09-29 07:59:26.809] [exthost] [warning] [Decorations] CAPPING events from decorations provider vscode.git 308
[2021-09-29 07:59:31.981] [exthost] [warning] [Decorations] CAPPING events from decorations provider vscode.git 308
[2021-09-29 07:59:37.128] [exthost] [warning] [Decorations] CAPPING events from decorations provider vscode.git 308
[2021-09-29 07:59:42.283] [exthost] [warning] [Decorations] CAPPING events from decorations provider vscode.git 308
[2021-09-29 07:59:47.457] [exthost] [warning] [Decorations] CAPPING events from decorations provider vscode.git 308
[2021-09-29 07:59:52.562] [exthost] [warning] [Decorations] CAPPING events from decorations provider vscode.git 308
[2021-09-29 07:59:57.718] [exthost] [warning] [Decorations] CAPPING events from decorations provider vscode.git 308
[2021-09-29 08:00:02.920] [exthost] [warning] [Decorations] CAPPING events from decorations provider vscode.git 308
[2021-09-29 08:00:08.105] [exthost] [warning] [Decorations] CAPPING events from decorations provider vscode.git 308
[2021-09-29 08:00:13.232] [exthost] [warning] [Decorations] CAPPING events from decorations provider vscode.git 308
[2021-09-29 08:00:18.377] [exthost] [warning] [Decorations] CAPPING events from decorations provider vscode.git 308
[2021-09-29 08:00:23.498] [exthost] [warning] [Decorations] CAPPING events from decorations provider vscode.git 308
[2021-09-29 08:00:28.626] [exthost] [warning] [Decorations] CAPPING events from decorations provider vscode.git 308
[2021-09-29 08:00:33.754] [exthost] [warning] [Decorations] CAPPING events from decorations provider vscode.git 308
[2021-09-29 08:00:38.911] [exthost] [warning] [Decorations] CAPPING events from decorations provider vscode.git 308
[2021-09-29 08:00:44.021] [exthost] [warning] [Decorations] CAPPING events from decorations provider vscode.git 308
[2021-09-29 08:00:49.270] [exthost] [warning] [Decorations] CAPPING events from decorations provider vscode.git 308
[2021-09-29 08:00:54.415] [exthost] [warning] [Decorations] CAPPING events from decorations provider vscode.git 308
[2021-09-29 08:00:59.546] [exthost] [warning] [Decorations] CAPPING events from decorations provider vscode.git 308
[2021-09-29 08:01:04.680] [exthost] [warning] [Decorations] CAPPING events from decorations provider vscode.git 308
[2021-09-29 08:01:09.816] [exthost] [warning] [Decorations] CAPPING events from decorations provider vscode.git 308
[2021-09-29 08:01:14.982] [exthost] [warning] [Decorations] CAPPING events from decorations provider vscode.git 308
[2021-09-29 08:01:20.112] [exthost] [warning] [Decorations] CAPPING events from decorations provider vscode.git 308
[2021-09-29 08:01:25.230] [exthost] [warning] [Decorations] CAPPING events from decorations provider vscode.git 308
[2021-09-29 08:01:30.416] [exthost] [warning] [Decorations] CAPPING events from decorations provider vscode.git 308
[2021-09-29 08:01:56.936] [exthost] [warning] [Decorations] CAPPING events from decorations provider vscode.git 308
[2021-09-29 08:02:02.904] [exthost] [warning] [Decorations] CAPPING events from decorations provider vscode.git 308
[2021-09-29 08:02:08.079] [exthost] [warning] [Decorations] CAPPING events from decorations provider vscode.git 308
[2021-09-29 08:02:20.640] [exthost] [warning] [Decorations] CAPPING events from decorations provider vscode.git 308
[2021-09-29 08:02:25.838] [exthost] [warning] [Decorations] CAPPING events from decorations provider vscode.git 308
[2021-09-29 08:02:31.086] [exthost] [warning] [Decorations] CAPPING events from decorations provider vscode.git 308
[2021-09-29 08:02:36.224] [exthost] [warning] [Decorations] CAPPING events from decorations provider vscode.git 308
[2021-09-29 08:02:41.346] [exthost] [warning] [Decorations] CAPPING events from decorations provider vscode.git 308
[2021-09-29 08:02:46.585] [exthost] [warning] [Decorations] CAPPING events from decorations provider vscode.git 308
[2021-09-29 08:02:51.743] [exthost] [warning] [Decorations] CAPPING events from decorations provider vscode.git 309
[2021-09-29 08:02:56.880] [exthost] [warning] [Decorations] CAPPING events from decorations provider vscode.git 309
[2021-09-29 08:03:02.003] [exthost] [warning] [Decorations] CAPPING events from decorations provider vscode.git 308
[2021-09-29 08:03:07.166] [exthost] [warning] [Decorations] CAPPING events from decorations provider vscode.git 308
[2021-09-29 08:03:12.315] [exthost] [warning] [Decorations] CAPPING events from decorations provider vscode.git 308
[2021-09-29 08:03:17.483] [exthost] [warning] [Decorations] CAPPING events from decorations provider vscode.git 308
[2021-09-29 08:03:22.618] [exthost] [warning] [Decorations] CAPPING events from decorations provider vscode.git 308
[2021-09-29 08:03:27.753] [exthost] [warning] [Decorations] CAPPING events from decorations provider vscode.git 308
[2021-09-29 08:03:32.894] [exthost] [warning] [Decorations] CAPPING events from decorations provider vscode.git 308
[2021-09-29 08:03:38.035] [exthost] [warning] [Decorations] CAPPING events from decorations provider vscode.git 308
[2021-09-29 08:03:43.170] [exthost] [warning] [Decorations] CAPPING events from decorations provider vscode.git 308
[2021-09-29 08:03:48.274] [exthost] [warning] [Decorations] CAPPING events from decorations provider vscode.git 308
[2021-09-29 08:03:53.405] [exthost] [warning] [Decorations] CAPPING events from decorations provider vscode.git 308
[2021-09-29 08:03:58.538] [exthost] [warning] [Decorations] CAPPING events from decorations provider vscode.git 308
[2021-09-29 08:04:03.683] [exthost] [warning] [Decorations] CAPPING events from decorations provider vscode.git 308
[2021-09-29 08:04:08.822] [exthost] [warning] [Decorations] CAPPING events from decorations provider vscode.git 308
[2021-09-29 08:04:14.043] [exthost] [warning] [Decorations] CAPPING events from decorations provider vscode.git 308
[2021-09-29 08:04:19.185] [exthost] [warning] [Decorations] CAPPING events from decorations provider vscode.git 307
[2021-09-29 08:04:24.337] [exthost] [warning] [Decorations] CAPPING events from decorations provider vscode.git 307
[2021-09-29 08:04:29.470] [exthost] [warning] [Decorations] CAPPING events from decorations provider vscode.git 307
[2021-09-29 08:04:34.606] [exthost] [warning] [Decorations] CAPPING events from decorations provider vscode.git 307
[2021-09-29 08:04:39.741] [exthost] [warning] [Decorations] CAPPING events from decorations provider vscode.git 307
[2021-09-29 08:04:44.884] [exthost] [warning] [Decorations] CAPPING events from decorations provider vscode.git 307
[2021-09-29 08:04:50.013] [exthost] [warning] [Decorations] CAPPING events from decorations provider vscode.git 308
[2021-09-29 08:04:55.216] [exthost] [warning] [Decorations] CAPPING events from decorations provider vscode.git 308
[2021-09-29 08:05:00.365] [exthost] [warning] [Decorations] CAPPING events from decorations provider vscode.git 308
[2021-09-29 08:05:20.461] [exthost] [warning] [Decorations] CAPPING events from decorations provider vscode.git 308
[2021-09-29 08:05:25.588] [exthost] [warning] [Decorations] CAPPING events from decorations provider vscode.git 307
[2021-09-29 08:05:30.903] [exthost] [warning] [Decorations] CAPPING events from decorations provider vscode.git 307
[2021-09-29 08:05:51.422] [exthost] [warning] [Decorations] CAPPING events from decorations provider vscode.git 307
[2021-09-29 08:05:56.553] [exthost] [warning] [Decorations] CAPPING events from decorations provider vscode.git 307
[2021-09-29 08:06:01.686] [exthost] [warning] [Decorations] CAPPING events from decorations provider vscode.git 307
[2021-09-29 08:06:06.854] [exthost] [warning] [Decorations] CAPPING events from decorations provider vscode.git 307
[2021-09-29 08:06:12.035] [exthost] [warning] [Decorations] CAPPING events from decorations provider vscode.git 307
[2021-09-29 08:06:22.768] [exthost] [warning] [Decorations] CAPPING events from decorations provider vscode.git 307
[2021-09-29 08:06:53.326] [exthost] [warning] [Decorations] CAPPING events from decorations provider vscode.git 307
[2021-09-29 08:07:16.626] [exthost] [warning] [Decorations] CAPPING events from decorations provider vscode.git 307
[2021-09-29 08:07:21.807] [exthost] [warning] [Decorations] CAPPING events from decorations provider vscode.git 307
[2021-09-29 08:07:26.941] [exthost] [warning] [Decorations] CAPPING events from decorations provider vscode.git 307
[2021-09-29 08:07:32.082] [exthost] [warning] [Decorations] CAPPING events from decorations provider vscode.git 307
[2021-09-29 08:07:37.262] [exthost] [warning] [Decorations] CAPPING events from decorations provider vscode.git 307
[2021-09-29 08:07:42.463] [exthost] [warning] [Decorations] CAPPING events from decorations provider vscode.git 307
[2021-09-29 08:07:47.576] [exthost] [warning] [Decorations] CAPPING events from decorations provider vscode.git 308
[2021-09-29 08:07:52.699] [exthost] [warning] [Decorations] CAPPING events from decorations provider vscode.git 308
[2021-09-29 08:07:57.876] [exthost] [warning] [Decorations] CAPPING events from decorations provider vscode.git 308
[2021-09-29 08:08:03.027] [exthost] [warning] [Decorations] CAPPING events from decorations provider vscode.git 307
[2021-09-29 08:08:08.190] [exthost] [warning] [Decorations] CAPPING events from decorations provider vscode.git 308
[2021-09-29 08:08:13.405] [exthost] [warning] [Decorations] CAPPING events from decorations provider vscode.git 308
[2021-09-29 08:08:18.542] [exthost] [warning] [Decorations] CAPPING events from decorations provider vscode.git 308
[2021-09-29 08:08:23.696] [exthost] [warning] [Decorations] CAPPING events from decorations provider vscode.git 308
[2021-09-29 08:08:28.971] [exthost] [warning] [Decorations] CAPPING events from decorations provider vscode.git 308
[2021-09-29 08:08:34.148] [exthost] [warning] [Decorations] CAPPING events from decorations provider vscode.git 307
[2021-09-29 08:08:39.290] [exthost] [warning] [Decorations] CAPPING events from decorations provider vscode.git 307
[2021-09-29 08:08:44.464] [exthost] [warning] [Decorations] CAPPING events from decorations provider vscode.git 307
[2021-09-29 08:08:49.615] [exthost] [warning] [Decorations] CAPPING events from decorations provider vscode.git 307
[2021-09-29 08:08:54.759] [exthost] [warning] [Decorations] CAPPING events from decorations provider vscode.git 307
[2021-09-29 08:08:59.881] [exthost] [warning] [Decorations] CAPPING events from decorations provider vscode.git 307
[2021-09-29 08:09:05.021] [exthost] [warning] [Decorations] CAPPING events from decorations provider vscode.git 307
[2021-09-29 08:09:10.167] [exthost] [warning] [Decorations] CAPPING events from decorations provider vscode.git 307
[2021-09-29 08:09:15.330] [exthost] [warning] [Decorations] CAPPING events from decorations provider vscode.git 307
[2021-09-29 08:09:20.470] [exthost] [warning] [Decorations] CAPPING events from decorations provider vscode.git 307
[2021-09-29 08:09:25.623] [exthost] [warning] [Decorations] CAPPING events from decorations provider vscode.git 307
[2021-09-29 08:09:30.824] [exthost] [warning] [Decorations] CAPPING events from decorations provider vscode.git 307
[2021-09-29 08:09:36.006] [exthost] [warning] [Decorations] CAPPING events from decorations provider vscode.git 307
[2021-09-29 08:09:41.195] [exthost] [warning] [Decorations] CAPPING events from decorations provider vscode.git 307
[2021-09-29 08:09:46.322] [exthost] [warning] [Decorations] CAPPING events from decorations provider vscode.git 307
[2021-09-29 08:09:51.453] [exthost] [warning] [Decorations] CAPPING events from decorations provider vscode.git 307
[2021-09-29 08:09:56.596] [exthost] [warning] [Decorations] CAPPING events from decorations provider vscode.git 307
[2021-09-29 08:10:01.740] [exthost] [warning] [Decorations] CAPPING events from decorations provider vscode.git 307
[2021-09-29 08:10:06.897] [exthost] [warning] [Decorations] CAPPING events from decorations provider vscode.git 307
[2021-09-29 08:10:12.026] [exthost] [warning] [Decorations] CAPPING events from decorations provider vscode.git 307
[2021-09-29 22:07:02.216] [exthost] [warning] [Decorations] CAPPING events from decorations provider vscode.git 307
[2021-09-29 22:07:07.653] [exthost] [warning] [Decorations] CAPPING events from decorations provider vscode.git 307
[2021-09-29 22:07:12.779] [exthost] [warning] [Decorations] CAPPING events from decorations provider vscode.git 307
[2021-09-29 22:07:17.909] [exthost] [warning] [Decorations] CAPPING events from decorations provider vscode.git 307
