[2021-10-22 02:05:26.385] [sharedprocess] [info] [logs cleanup]: Starting to clean up old logs.
[2021-10-22 02:05:46.390] [sharedprocess] [info] [code cache cleanup]: Starting to clean up old code cache folders.
[2021-10-22 02:05:46.392] [sharedprocess] [info] [storage cleanup]: Starting to clean up storage folders.
[2021-10-22 02:05:56.382] [sharedprocess] [info] [language pack cache cleanup]: Starting to clean up unused language packs.
[2021-10-22 02:17:38.061] [sharedprocess] [info] Installing extension: ms-python.python
[2021-10-22 02:17:42.996] [sharedprocess] [info] Installing extension: ms-toolsai.jupyter
[2021-10-22 02:17:42.996] [sharedprocess] [info] Installing extension: ms-toolsai.jupyter-keymap
[2021-10-22 02:17:42.996] [sharedprocess] [info] Installing extension: ms-python.vscode-pylance
[2021-10-22 02:17:46.122] [sharedprocess] [info] Downloaded extension: ms-toolsai.jupyter-keymap /root/Desktop/workspace/HW/FCS/project/fcs_project/frontend/src/Components/Checkout/CachedExtensionVSIXs/ms-toolsai.jupyter-keymap-1.0.0
[2021-10-22 02:17:46.232] [sharedprocess] [info] Extracted extension to /root/.vscode/extensions/.8ec05843-dc7e-4e10-8d57-82c41a0ac9ba: ms-toolsai.jupyter-keymap
[2021-10-22 02:17:46.322] [sharedprocess] [info] Renamed to /root/.vscode/extensions/ms-toolsai.jupyter-keymap-1.0.0
[2021-10-22 02:17:46.324] [sharedprocess] [info] Extracting completed. ms-toolsai.jupyter-keymap
[2021-10-22 02:17:48.888] [sharedprocess] [info] Downloaded extension: ms-python.python /root/Desktop/workspace/HW/FCS/project/fcs_project/frontend/src/Components/Checkout/CachedExtensionVSIXs/ms-python.python-2021.10.1365161279
[2021-10-22 02:17:51.072] [sharedprocess] [info] Downloaded extension: ms-toolsai.jupyter /root/Desktop/workspace/HW/FCS/project/fcs_project/frontend/src/Components/Checkout/CachedExtensionVSIXs/ms-toolsai.jupyter-2021.8.2041215044
[2021-10-22 02:17:53.584] [sharedprocess] [info] Extracted extension to /root/.vscode/extensions/.cc3cbff8-6de4-4398-8e6f-aca4c82168d8: ms-toolsai.jupyter
[2021-10-22 02:17:53.661] [sharedprocess] [info] Renamed to /root/.vscode/extensions/ms-toolsai.jupyter-2021.8.2041215044
[2021-10-22 02:17:53.667] [sharedprocess] [info] Extracting completed. ms-toolsai.jupyter
[2021-10-22 02:17:55.083] [sharedprocess] [info] Extracted extension to /root/.vscode/extensions/.0a04df35-d82c-4ae9-918b-5c28c3220ddb: ms-python.python
[2021-10-22 02:17:55.163] [sharedprocess] [info] Renamed to /root/.vscode/extensions/ms-python.python-2021.10.1365161279
[2021-10-22 02:17:55.167] [sharedprocess] [info] Extracting completed. ms-python.python
[2021-10-22 02:18:01.615] [sharedprocess] [info] Downloaded extension: ms-python.vscode-pylance /root/Desktop/workspace/HW/FCS/project/fcs_project/frontend/src/Components/Checkout/CachedExtensionVSIXs/ms-python.vscode-pylance-2021.10.2
[2021-10-22 02:18:09.190] [sharedprocess] [info] Extracted extension to /root/.vscode/extensions/.c610cdfd-320b-4027-9550-42880db36da8: ms-python.vscode-pylance
[2021-10-22 02:18:09.346] [sharedprocess] [info] Renamed to /root/.vscode/extensions/ms-python.vscode-pylance-2021.10.2
[2021-10-22 02:18:09.352] [sharedprocess] [info] Extracting completed. ms-python.vscode-pylance
[2021-10-22 02:18:09.523] [sharedprocess] [info] Extension installed successfully: ms-toolsai.jupyter-keymap
[2021-10-22 02:18:09.524] [sharedprocess] [info] Extension installed successfully: ms-toolsai.jupyter
[2021-10-22 02:18:09.524] [sharedprocess] [info] Extension installed successfully: ms-python.python
[2021-10-22 02:18:09.524] [sharedprocess] [info] Extension installed successfully: ms-python.vscode-pylance
